<?xml version="1.0" encoding="UTF-8"?>
<!-- Generated by org.testng.reporters.JUnitReportReporter -->
<testsuite hostname="inengaikosm2.corp.emc.com" failures="0" tests="1" name="DiscoveryGroup.DiscoveryPrjt2.selTest1" time="27.375" errors="0" timestamp="12 Sep 2019 14:40:45 GMT" skipped="0">
  <testcase classname="DiscoveryGroup.DiscoveryPrjt2.selTest1" name="test1" time="27.375"/>
</testsuite> <!-- DiscoveryGroup.DiscoveryPrjt2.selTest1 -->
